[debug] [2024-07-31T19:23:49.819Z] ----------------------------------------------------------------------
[debug] [2024-07-31T19:23:49.827Z] Command:       /usr/local/bin/node /usr/local/bin/firebase deploy
[debug] [2024-07-31T19:23:49.827Z] CLI Version:   13.10.1
[debug] [2024-07-31T19:23:49.827Z] Platform:      darwin
[debug] [2024-07-31T19:23:49.828Z] Node Version:  v20.13.1
[debug] [2024-07-31T19:23:49.828Z] Time:          Thu Aug 01 2024 03:23:49 GMT+0800 (Singapore Standard Time)
[debug] [2024-07-31T19:23:49.828Z] ----------------------------------------------------------------------
[debug] 
[debug] [2024-07-31T19:23:49.864Z] > command requires scopes: ["email","openid","https://www.googleapis.com/auth/cloudplatformprojects.readonly","https://www.googleapis.com/auth/firebase","https://www.googleapis.com/auth/cloud-platform"]
[debug] [2024-07-31T19:23:49.864Z] > authorizing via signed-in user (arqhlls88@gmail.com)
[debug] [2024-07-31T19:23:49.864Z] [iam] checking project expense-tracker-82183 for permissions ["cloudfunctions.functions.create","cloudfunctions.functions.delete","cloudfunctions.functions.get","cloudfunctions.functions.list","cloudfunctions.functions.update","cloudfunctions.operations.get","firebase.projects.get","firebasehosting.sites.update"]
[debug] [2024-07-31T19:23:49.865Z] >>> [apiv2][query] POST https://cloudresourcemanager.googleapis.com/v1/projects/expense-tracker-82183:testIamPermissions [none]
[debug] [2024-07-31T19:23:49.865Z] >>> [apiv2][(partial)header] POST https://cloudresourcemanager.googleapis.com/v1/projects/expense-tracker-82183:testIamPermissions x-goog-quota-user=projects/expense-tracker-82183
[debug] [2024-07-31T19:23:49.865Z] >>> [apiv2][body] POST https://cloudresourcemanager.googleapis.com/v1/projects/expense-tracker-82183:testIamPermissions {"permissions":["cloudfunctions.functions.create","cloudfunctions.functions.delete","cloudfunctions.functions.get","cloudfunctions.functions.list","cloudfunctions.functions.update","cloudfunctions.operations.get","firebase.projects.get","firebasehosting.sites.update"]}
[debug] [2024-07-31T19:23:51.046Z] <<< [apiv2][status] POST https://cloudresourcemanager.googleapis.com/v1/projects/expense-tracker-82183:testIamPermissions 200
[debug] [2024-07-31T19:23:51.047Z] <<< [apiv2][body] POST https://cloudresourcemanager.googleapis.com/v1/projects/expense-tracker-82183:testIamPermissions {"permissions":["cloudfunctions.functions.create","cloudfunctions.functions.delete","cloudfunctions.functions.get","cloudfunctions.functions.list","cloudfunctions.functions.update","cloudfunctions.operations.get","firebase.projects.get","firebasehosting.sites.update"]}
[debug] [2024-07-31T19:23:51.048Z] >>> [apiv2][query] POST https://iam.googleapis.com/v1/projects/expense-tracker-82183/serviceAccounts/expense-tracker-82183@appspot.gserviceaccount.com:testIamPermissions [none]
[debug] [2024-07-31T19:23:51.048Z] >>> [apiv2][body] POST https://iam.googleapis.com/v1/projects/expense-tracker-82183/serviceAccounts/expense-tracker-82183@appspot.gserviceaccount.com:testIamPermissions {"permissions":["iam.serviceAccounts.actAs"]}
[debug] [2024-07-31T19:24:50.848Z] ----------------------------------------------------------------------
[debug] [2024-07-31T19:24:50.859Z] Command:       /usr/local/bin/node /usr/local/bin/firebase deploy
[debug] [2024-07-31T19:24:50.860Z] CLI Version:   13.10.1
[debug] [2024-07-31T19:24:50.860Z] Platform:      darwin
[debug] [2024-07-31T19:24:50.860Z] Node Version:  v20.13.1
[debug] [2024-07-31T19:24:50.860Z] Time:          Thu Aug 01 2024 03:24:50 GMT+0800 (Singapore Standard Time)
[debug] [2024-07-31T19:24:50.860Z] ----------------------------------------------------------------------
[debug] 
[debug] [2024-07-31T19:24:50.902Z] > command requires scopes: ["email","openid","https://www.googleapis.com/auth/cloudplatformprojects.readonly","https://www.googleapis.com/auth/firebase","https://www.googleapis.com/auth/cloud-platform"]
[debug] [2024-07-31T19:24:50.902Z] > authorizing via signed-in user (arqhlls88@gmail.com)
[debug] [2024-07-31T19:24:50.902Z] [iam] checking project expense-tracker-82183 for permissions ["cloudfunctions.functions.create","cloudfunctions.functions.delete","cloudfunctions.functions.get","cloudfunctions.functions.list","cloudfunctions.functions.update","cloudfunctions.operations.get","firebase.projects.get","firebasehosting.sites.update"]
[debug] [2024-07-31T19:24:50.903Z] >>> [apiv2][query] POST https://cloudresourcemanager.googleapis.com/v1/projects/expense-tracker-82183:testIamPermissions [none]
[debug] [2024-07-31T19:24:50.903Z] >>> [apiv2][(partial)header] POST https://cloudresourcemanager.googleapis.com/v1/projects/expense-tracker-82183:testIamPermissions x-goog-quota-user=projects/expense-tracker-82183
[debug] [2024-07-31T19:24:50.903Z] >>> [apiv2][body] POST https://cloudresourcemanager.googleapis.com/v1/projects/expense-tracker-82183:testIamPermissions {"permissions":["cloudfunctions.functions.create","cloudfunctions.functions.delete","cloudfunctions.functions.get","cloudfunctions.functions.list","cloudfunctions.functions.update","cloudfunctions.operations.get","firebase.projects.get","firebasehosting.sites.update"]}
[debug] [2024-07-31T19:25:26.323Z] *** [apiv2] error from fetch(https://cloudresourcemanager.googleapis.com/v1/projects/expense-tracker-82183:testIamPermissions, {"headers":{},"method":"POST","body":"{\"permissions\":[\"cloudfunctions.functions.create\",\"cloudfunctions.functions.delete\",\"cloudfunctions.functions.get\",\"cloudfunctions.functions.list\",\"cloudfunctions.functions.update\",\"cloudfunctions.operations.get\",\"firebase.projects.get\",\"firebasehosting.sites.update\"]}"}): FetchError: request to https://cloudresourcemanager.googleapis.com/v1/projects/expense-tracker-82183:testIamPermissions failed, reason: Client network socket disconnected before secure TLS connection was established
[debug] [2024-07-31T19:25:26.324Z] [iam] error while checking permissions, command may fail: FirebaseError: Failed to make request to https://cloudresourcemanager.googleapis.com/v1/projects/expense-tracker-82183:testIamPermissions
[debug] [2024-07-31T19:25:26.326Z] >>> [apiv2][query] POST https://iam.googleapis.com/v1/projects/expense-tracker-82183/serviceAccounts/expense-tracker-82183@appspot.gserviceaccount.com:testIamPermissions [none]
[debug] [2024-07-31T19:25:26.326Z] >>> [apiv2][body] POST https://iam.googleapis.com/v1/projects/expense-tracker-82183/serviceAccounts/expense-tracker-82183@appspot.gserviceaccount.com:testIamPermissions {"permissions":["iam.serviceAccounts.actAs"]}
[debug] [2024-07-31T19:25:59.112Z] *** [apiv2] error from fetch(https://iam.googleapis.com/v1/projects/expense-tracker-82183/serviceAccounts/expense-tracker-82183@appspot.gserviceaccount.com:testIamPermissions, {"headers":{},"method":"POST","body":"{\"permissions\":[\"iam.serviceAccounts.actAs\"]}"}): FetchError: request to https://iam.googleapis.com/v1/projects/expense-tracker-82183/serviceAccounts/expense-tracker-82183@appspot.gserviceaccount.com:testIamPermissions failed, reason: socket hang up
[debug] [2024-07-31T19:25:59.113Z] [functions] service account IAM check errored, deploy may fail: Failed to make request to https://iam.googleapis.com/v1/projects/expense-tracker-82183/serviceAccounts/expense-tracker-82183@appspot.gserviceaccount.com:testIamPermissions {"name":"FirebaseError","children":[],"exit":1,"message":"Failed to make request to https://iam.googleapis.com/v1/projects/expense-tracker-82183/serviceAccounts/expense-tracker-82183@appspot.gserviceaccount.com:testIamPermissions","original":{"message":"request to https://iam.googleapis.com/v1/projects/expense-tracker-82183/serviceAccounts/expense-tracker-82183@appspot.gserviceaccount.com:testIamPermissions failed, reason: socket hang up","type":"system","errno":"ECONNRESET","code":"ECONNRESET"},"status":500}
[debug] [2024-07-31T19:25:59.115Z] >>> [apiv2][query] GET https://firebase.googleapis.com/v1beta1/projects/expense-tracker-82183 [none]
[debug] [2024-07-31T19:26:16.853Z] ----------------------------------------------------------------------
[debug] [2024-07-31T19:26:16.855Z] Command:       /usr/local/bin/node /usr/local/bin/firebase deploy
[debug] [2024-07-31T19:26:16.855Z] CLI Version:   13.10.1
[debug] [2024-07-31T19:26:16.855Z] Platform:      darwin
[debug] [2024-07-31T19:26:16.855Z] Node Version:  v20.13.1
[debug] [2024-07-31T19:26:16.855Z] Time:          Thu Aug 01 2024 03:26:16 GMT+0800 (Singapore Standard Time)
[debug] [2024-07-31T19:26:16.855Z] ----------------------------------------------------------------------
[debug] 
[debug] [2024-07-31T19:26:16.903Z] > command requires scopes: ["email","openid","https://www.googleapis.com/auth/cloudplatformprojects.readonly","https://www.googleapis.com/auth/firebase","https://www.googleapis.com/auth/cloud-platform"]
[debug] [2024-07-31T19:26:16.904Z] > authorizing via signed-in user (arqhlls88@gmail.com)
[debug] [2024-07-31T19:26:16.904Z] [iam] checking project expense-tracker-82183 for permissions ["cloudfunctions.functions.create","cloudfunctions.functions.delete","cloudfunctions.functions.get","cloudfunctions.functions.list","cloudfunctions.functions.update","cloudfunctions.operations.get","firebase.projects.get","firebasehosting.sites.update"]
[debug] [2024-07-31T19:26:16.905Z] >>> [apiv2][query] POST https://cloudresourcemanager.googleapis.com/v1/projects/expense-tracker-82183:testIamPermissions [none]
[debug] [2024-07-31T19:26:16.905Z] >>> [apiv2][(partial)header] POST https://cloudresourcemanager.googleapis.com/v1/projects/expense-tracker-82183:testIamPermissions x-goog-quota-user=projects/expense-tracker-82183
[debug] [2024-07-31T19:26:16.905Z] >>> [apiv2][body] POST https://cloudresourcemanager.googleapis.com/v1/projects/expense-tracker-82183:testIamPermissions {"permissions":["cloudfunctions.functions.create","cloudfunctions.functions.delete","cloudfunctions.functions.get","cloudfunctions.functions.list","cloudfunctions.functions.update","cloudfunctions.operations.get","firebase.projects.get","firebasehosting.sites.update"]}
